2025-02-26 10:50:02,794 – default – INFO – Status_code - start
2025-02-26 10:50:03,770 – run_script – INFO – Status_code - 204, id_scripts - 02bf9469-efc8-4861-b45f-4137b427ed0a
2025-02-26 10:50:06,244 – run_script – INFO – Status_code - 204, id_scripts - 15271f98-b322-4452-ba43-5cfe37b3bafa
2025-02-26 10:50:17,830 – default – INFO – Status_code - finish
2025-02-26 10:51:22,351 – default – INFO – START
2025-02-26 10:51:32,594 – default – INFO – FINISH
2025-03-31 10:45:38,459 – default – INFO – START
2025-03-31 10:45:47,379 – default – INFO – FINISH
2025-03-31 10:46:26,041 – default – INFO – START
2025-03-31 10:46:34,700 – default – INFO – FINISH
2025-03-31 10:46:48,053 – default – INFO – START
2025-03-31 10:46:57,381 – default – INFO – FINISH
2025-03-31 10:47:49,862 – default – INFO – START
2025-03-31 10:47:58,712 – run_script – INFO – Status_code - 204, id_scripts - fbe84c08-ee82-44f5-a964-2596d50b668b
2025-03-31 10:48:12,357 – run_script – INFO – Status_code - 204, id_scripts - 9aad8073-d8be-4f06-ae5f-77123676e854
2025-03-31 10:48:14,683 – run_script – INFO – Status_code - 204, id_scripts - 0869c662-718d-494e-b5e1-c7553380b13d
2025-03-31 10:48:16,953 – run_script – INFO – Status_code - 204, id_scripts - a426c076-344b-4b60-82f8-486e7c231ae4
2025-03-31 10:48:19,237 – run_script – INFO – Status_code - 204, id_scripts - 3cda64c4-dce0-470a-ae1b-545ac8beb84b
2025-03-31 10:48:21,529 – run_script – INFO – Status_code - 204, id_scripts - 3d9b5a9b-f35e-454f-8c4b-17b5c1342a46
2025-03-31 10:48:23,816 – run_script – INFO – Status_code - 204, id_scripts - 7ed7f5ee-777e-4fe6-a378-fd7dd75e162f
2025-03-31 10:48:25,909 – run_script – INFO – Status_code - 204, id_scripts - 25036c4e-d6d9-43e3-a73c-7350d727fbce
2025-03-31 10:48:39,204 – run_script – INFO – Status_code - 204, id_scripts - fe1d583f-78b8-4b72-9319-a815688f5294
2025-03-31 10:48:45,042 – default – INFO – Status_code - finish
2025-04-08 10:16:08,121 – default – INFO – START
2025-04-08 10:17:02,520 – default – INFO – Status_code - finish
2025-04-08 10:32:18,678 – default – INFO – START
2025-04-08 10:33:12,318 – default – INFO – Status_code - finish
2025-04-08 10:35:48,256 – default – INFO – START
2025-04-08 10:36:44,563 – default – INFO – Status_code - finish
